[debug] ----------------------------------------------------------------------
[debug] Command:      E:\nodejs\node.exe C:\Users\na\AppData\Roaming\npm\node_modules\firebase-tools\bin\firebase deploy
[debug] CLI Version:  3.0.5
[debug] Platform:     win32
[debug] Node Version: v4.4.2
[debug] Time:         Wed Aug 03 2016 17:10:35 GMT+0500 (Pakistan Standard Time)
[debug] ----------------------------------------------------------------------
[debug] 
[debug] > command requires scopes: ["email","openid","https://www.googleapis.com/auth/cloudplatformprojects.readonly","https://www.googleapis.com/auth/firebase"]
[debug] > refreshing access token with scopes: ["email","https://www.googleapis.com/auth/cloudplatformprojects.readonly","https://www.googleapis.com/auth/firebase","openid"]
[debug] >>> HTTP REQUEST POST https://www.googleapis.com/oauth2/v3/token
[debug] <<< HTTP RESPONSE 200
[debug] >>> HTTP REQUEST GET https://admin.firebase.com/v1/projects/classified-app-1052b 
[debug] <<< HTTP RESPONSE 200
[debug] >>> HTTP REQUEST GET https://admin.firebase.com/v1/database/classified-app-1052b/tokens 
[debug] <<< HTTP RESPONSE 200
[info] 
[info] === Deploying to 'classified-app-1052b'...
[info] 
[info] i  deploying database, hosting
[info] +  database: rules ready to deploy.
[info] i  hosting: preparing public directory for upload...
[debug] >>> HTTP REQUEST PUT https://deploy.firebase.com/v1/hosting/classified-app-1052b/uploads/-KOFJ0LSdRplkoOfrTe6?fileCount=42&message= 
